<?xml version="1.0" encoding="UTF-8"?>
<!-- Generated by org.testng.reporters.JUnitXMLReporter -->
<testsuite ignored="0" hostname="LAPTOP-OOJD2GM0" failures="0" tests="3" name="Default test" time="12.285" errors="0" timestamp="2023-07-14T15:35:04 IST">
  <testcase classname="com.userinterface.ScrollbarValidations" name="setUp" time="12.024"/>
  <testcase classname="com.userinterface.ScrollbarValidations" name="testVerticalScrollbar" time="0.075"/>
  <testcase classname="com.userinterface.ScrollbarValidations" name="testHorizontalScrollbar" time="0.054"/>
</testsuite> <!-- Default test -->
