<?xml version="1.0" encoding="UTF-8"?>
<testng-results ignored="0" total="3" passed="3" failed="0" skipped="0">
  <reporter-output>
  </reporter-output>
  <suite started-at="2023-07-14T15:34:52 IST" name="Default suite" finished-at="2023-07-14T15:35:04 IST" duration-ms="12285">
    <groups>
    </groups>
    <test started-at="2023-07-14T15:34:52 IST" name="Default test" finished-at="2023-07-14T15:35:04 IST" duration-ms="12285">
      <class name="com.userinterface.ScrollbarValidations">
        <test-method signature="setUp()[pri:1, instance:com.userinterface.ScrollbarValidations@a38c7fe]" started-at="2023-07-14T15:34:52 IST" name="setUp" finished-at="2023-07-14T15:35:04 IST" duration-ms="12024" status="PASS">
          <reporter-output>
          </reporter-output>
        </test-method> <!-- setUp -->
        <test-method signature="testVerticalScrollbar()[pri:2, instance:com.userinterface.ScrollbarValidations@a38c7fe]" started-at="2023-07-14T15:35:04 IST" name="testVerticalScrollbar" finished-at="2023-07-14T15:35:04 IST" duration-ms="75" status="PASS">
          <reporter-output>
          </reporter-output>
        </test-method> <!-- testVerticalScrollbar -->
        <test-method signature="testHorizontalScrollbar()[pri:3, instance:com.userinterface.ScrollbarValidations@a38c7fe]" started-at="2023-07-14T15:35:04 IST" name="testHorizontalScrollbar" finished-at="2023-07-14T15:35:04 IST" duration-ms="54" status="PASS">
          <reporter-output>
          </reporter-output>
        </test-method> <!-- testHorizontalScrollbar -->
      </class> <!-- com.userinterface.ScrollbarValidations -->
    </test> <!-- Default test -->
  </suite> <!-- Default suite -->
</testng-results>
